生成启动时间为 2018/8/3 14:02:09。
     1>项目“D:\VC文件\网上书店管理系统\网上书店管理系统\网上书店管理系统.vcxproj”在节点 2 上(build 个目标)。
     1>InitializeBuildStatus:
         正在创建“Debug\网上书店管理系统.unsuccessfulbuild”，因为已指定“AlwaysCreate”。
       ClCompile:
         D:\VC++2010\VC\bin\CL.exe /c /ZI /nologo /W3 /WX- /Od /Oy- /D WIN32 /D _DEBUG /D _CONSOLE /D _UNICODE /D UNICODE /Gm /EHsc /RTC1 /MDd /GS /fp:precise /Zc:wchar_t /Zc:forScope /Yc"StdAfx.h" /Fp"Debug\网上书店管理系统.pch" /Fo"Debug\\" /Fd"Debug\vc100.pdb" /Gd /TP /analyze- /errorReport:prompt stdafx.cpp
         stdafx.cpp
         D:\VC++2010\VC\bin\CL.exe /c /ZI /nologo /W3 /WX- /Od /Oy- /D WIN32 /D _DEBUG /D _CONSOLE /D _UNICODE /D UNICODE /Gm /EHsc /RTC1 /MDd /GS /fp:precise /Zc:wchar_t /Zc:forScope /Yu"StdAfx.h" /Fp"Debug\网上书店管理系统.pch" /Fo"Debug\\" /Fd"Debug\vc100.pdb" /Gd /TP /analyze- /errorReport:prompt "网上书店管理系统.cpp"
         正在跳过...(未检测到相关更改)
         网上书店管理系统.cpp
       ManifestResourceCompile:
         所有输出均为最新。
       Link:
         D:\VC++2010\VC\bin\link.exe /ERRORREPORT:PROMPT /OUT:"D:\VC文件\网上书店管理系统\Debug\网上书店管理系统.exe" /INCREMENTAL /NOLOGO kernel32.lib user32.lib gdi32.lib winspool.lib comdlg32.lib advapi32.lib shell32.lib ole32.lib oleaut32.lib uuid.lib odbc32.lib odbccp32.lib /MANIFEST /ManifestFile:"Debug\网上书店管理系统.exe.intermediate.manifest" /MANIFESTUAC:"level='asInvoker' uiAccess='false'" /DEBUG /PDB:"D:\VC文件\网上书店管理系统\Debug\网上书店管理系统.pdb" /SUBSYSTEM:CONSOLE /TLBID:1 /DYNAMICBASE /NXCOMPAT /IMPLIB:"D:\VC文件\网上书店管理系统\Debug\网上书店管理系统.lib" /MACHINE:X86 "Debug\网上书店管理系统.exe.embed.manifest.res"
         Debug\stdafx.obj
         "Debug\网上书店管理系统.obj"
       Manifest:
         C:\Program Files (x86)\Microsoft SDKs\Windows\v7.0A\bin\mt.exe /nologo /verbose /out:"Debug\网上书店管理系统.exe.embed.manifest" /manifest "Debug\网上书店管理系统.exe.intermediate.manifest"
         所有输出均为最新。
       LinkEmbedManifest:
         所有输出均为最新。
         网上书店管理系统.vcxproj -> D:\VC文件\网上书店管理系统\Debug\网上书店管理系统.exe
       FinalizeBuildStatus:
         正在删除文件“Debug\网上书店管理系统.unsuccessfulbuild”。
         正在对“Debug\网上书店管理系统.lastbuildstate”执行 Touch 任务。
     1>已完成生成项目“D:\VC文件\网上书店管理系统\网上书店管理系统\网上书店管理系统.vcxproj”(build 个目标)的操作。

生成成功。

已用时间 00:00:14.20
