生成启动时间为 2018/6/9 0:22:43。
     1>项目“D:\VC文件\登录注册\登录注册\登录注册.vcxproj”在节点 2 上(build 个目标)。
     1>InitializeBuildStatus:
         正在创建“Debug\登录注册.unsuccessfulbuild”，因为已指定“AlwaysCreate”。
       ClCompile:
         所有输出均为最新。
         D:\VC++2010\VC\bin\CL.exe /c /ZI /nologo /W3 /WX- /Od /Oy- /D WIN32 /D _DEBUG /D _CONSOLE /D _UNICODE /D UNICODE /Gm /EHsc /RTC1 /MDd /GS /fp:precise /Zc:wchar_t /Zc:forScope /Yu"StdAfx.h" /Fp"Debug\登录注册.pch" /Fo"Debug\\" /Fd"Debug\vc100.pdb" /Gd /TP /analyze- /errorReport:prompt "登录注册.cpp"
         登录注册.cpp
     1>d:\vc文件\登录注册\登录注册\登录注册.cpp(17): warning C4996: 'gets': This function or variable may be unsafe. Consider using gets_s instead. To disable deprecation, use _CRT_SECURE_NO_WARNINGS. See online help for details.
                 d:\vc++2010\vc\include\stdio.h(277) : 参见“gets”的声明
     1>d:\vc文件\登录注册\登录注册\登录注册.cpp(19): warning C4996: 'gets': This function or variable may be unsafe. Consider using gets_s instead. To disable deprecation, use _CRT_SECURE_NO_WARNINGS. See online help for details.
                 d:\vc++2010\vc\include\stdio.h(277) : 参见“gets”的声明
     1>d:\vc文件\登录注册\登录注册\登录注册.cpp(20): warning C4996: 'strcat': This function or variable may be unsafe. Consider using strcat_s instead. To disable deprecation, use _CRT_SECURE_NO_WARNINGS. See online help for details.
                 d:\vc++2010\vc\include\string.h(110) : 参见“strcat”的声明
     1>d:\vc文件\登录注册\登录注册\登录注册.cpp(21): warning C4996: 'strcat': This function or variable may be unsafe. Consider using strcat_s instead. To disable deprecation, use _CRT_SECURE_NO_WARNINGS. See online help for details.
                 d:\vc++2010\vc\include\string.h(110) : 参见“strcat”的声明
     1>d:\vc文件\登录注册\登录注册\登录注册.cpp(24): warning C4996: 'fopen': This function or variable may be unsafe. Consider using fopen_s instead. To disable deprecation, use _CRT_SECURE_NO_WARNINGS. See online help for details.
                 d:\vc++2010\vc\include\stdio.h(234) : 参见“fopen”的声明
     1>d:\vc文件\登录注册\登录注册\登录注册.cpp(66): warning C4996: 'fopen': This function or variable may be unsafe. Consider using fopen_s instead. To disable deprecation, use _CRT_SECURE_NO_WARNINGS. See online help for details.
                 d:\vc++2010\vc\include\stdio.h(234) : 参见“fopen”的声明
     1>d:\vc文件\登录注册\登录注册\登录注册.cpp(68): warning C4996: 'gets': This function or variable may be unsafe. Consider using gets_s instead. To disable deprecation, use _CRT_SECURE_NO_WARNINGS. See online help for details.
                 d:\vc++2010\vc\include\stdio.h(277) : 参见“gets”的声明
     1>d:\vc文件\登录注册\登录注册\登录注册.cpp(70): warning C4996: 'gets': This function or variable may be unsafe. Consider using gets_s instead. To disable deprecation, use _CRT_SECURE_NO_WARNINGS. See online help for details.
                 d:\vc++2010\vc\include\stdio.h(277) : 参见“gets”的声明
     1>d:\vc文件\登录注册\登录注册\登录注册.cpp(82): warning C4996: 'scanf': This function or variable may be unsafe. Consider using scanf_s instead. To disable deprecation, use _CRT_SECURE_NO_WARNINGS. See online help for details.
                 d:\vc++2010\vc\include\stdio.h(304) : 参见“scanf”的声明
       ManifestResourceCompile:
         所有输出均为最新。
       Link:
         D:\VC++2010\VC\bin\link.exe /ERRORREPORT:PROMPT /OUT:"D:\VC文件\登录注册\Debug\登录注册.exe" /INCREMENTAL /NOLOGO kernel32.lib user32.lib gdi32.lib winspool.lib comdlg32.lib advapi32.lib shell32.lib ole32.lib oleaut32.lib uuid.lib odbc32.lib odbccp32.lib /MANIFEST /ManifestFile:"Debug\登录注册.exe.intermediate.manifest" /MANIFESTUAC:"level='asInvoker' uiAccess='false'" /DEBUG /PDB:"D:\VC文件\登录注册\Debug\登录注册.pdb" /SUBSYSTEM:CONSOLE /TLBID:1 /DYNAMICBASE /NXCOMPAT /IMPLIB:"D:\VC文件\登录注册\Debug\登录注册.lib" /MACHINE:X86 "Debug\登录注册.exe.embed.manifest.res"
         Debug\stdafx.obj
         "Debug\登录注册.obj"
       Manifest:
         C:\Program Files (x86)\Microsoft SDKs\Windows\v7.0A\bin\mt.exe /nologo /verbose /out:"Debug\登录注册.exe.embed.manifest" /manifest "Debug\登录注册.exe.intermediate.manifest"
         所有输出均为最新。
       LinkEmbedManifest:
         所有输出均为最新。
         登录注册.vcxproj -> D:\VC文件\登录注册\Debug\登录注册.exe
       FinalizeBuildStatus:
         正在删除文件“Debug\登录注册.unsuccessfulbuild”。
         正在对“Debug\登录注册.lastbuildstate”执行 Touch 任务。
     1>已完成生成项目“D:\VC文件\登录注册\登录注册\登录注册.vcxproj”(build 个目标)的操作。

生成成功。

已用时间 00:00:00.44
